{"D:\\Freelance\\Point\\server.js": {"path":"D:\\Freelance\\Point\\server.js","statementMap":{"0":{"start":{"line":1,"column":0},"end":{"line":1,"column":26}},"1":{"start":{"line":3,"column":16},"end":{"line":3,"column":34}},"2":{"start":{"line":4,"column":17},"end":{"line":4,"column":36}},"3":{"start":{"line":5,"column":13},"end":{"line":5,"column":28}},"4":{"start":{"line":6,"column":29},"end":{"line":6,"column":53}},"5":{"start":{"line":7,"column":22},"end":{"line":7,"column":47}},"6":{"start":{"line":8,"column":18},"end":{"line":8,"column":42}},"7":{"start":{"line":9,"column":19},"end":{"line":9,"column":44}},"8":{"start":{"line":10,"column":15},"end":{"line":10,"column":32}},"9":{"start":{"line":11,"column":12},"end":{"line":11,"column":35}},"10":{"start":{"line":12,"column":23},"end":{"line":12,"column":38}},"11":{"start":{"line":15,"column":0},"end":{"line":20,"column":2}},"12":{"start":{"line":19,"column":4},"end":{"line":19,"column":40}},"13":{"start":{"line":23,"column":0},"end":{"line":166,"column":2}},"14":{"start":{"line":25,"column":4},"end":{"line":50,"column":5}},"15":{"start":{"line":28,"column":22},"end":{"line":28,"column":30}},"16":{"start":{"line":30,"column":23},"end":{"line":34,"column":9}},"17":{"start":{"line":36,"column":19},"end":{"line":45,"column":9}},"18":{"start":{"line":47,"column":19},"end":{"line":47,"column":55}},"19":{"start":{"line":48,"column":8},"end":{"line":48,"column":43}},"20":{"start":{"line":49,"column":8},"end":{"line":49,"column":35}},"21":{"start":{"line":52,"column":4},"end":{"line":122,"column":5}},"22":{"start":{"line":54,"column":23},"end":{"line":54,"column":78}},"23":{"start":{"line":55,"column":23},"end":{"line":55,"column":78}},"24":{"start":{"line":56,"column":23},"end":{"line":56,"column":73}},"25":{"start":{"line":58,"column":8},"end":{"line":58,"column":36}},"26":{"start":{"line":59,"column":8},"end":{"line":59,"column":36}},"27":{"start":{"line":60,"column":8},"end":{"line":60,"column":36}},"28":{"start":{"line":63,"column":26},"end":{"line":118,"column":9}},"29":{"start":{"line":120,"column":19},"end":{"line":120,"column":52}},"30":{"start":{"line":121,"column":8},"end":{"line":121,"column":34}},"31":{"start":{"line":124,"column":4},"end":{"line":156,"column":5}},"32":{"start":{"line":125,"column":23},"end":{"line":125,"column":78}},"33":{"start":{"line":126,"column":23},"end":{"line":126,"column":78}},"34":{"start":{"line":128,"column":8},"end":{"line":128,"column":36}},"35":{"start":{"line":129,"column":8},"end":{"line":129,"column":36}},"36":{"start":{"line":131,"column":24},"end":{"line":152,"column":9}},"37":{"start":{"line":154,"column":19},"end":{"line":154,"column":53}},"38":{"start":{"line":155,"column":8},"end":{"line":155,"column":35}},"39":{"start":{"line":158,"column":4},"end":{"line":164,"column":5}},"40":{"start":{"line":160,"column":21},"end":{"line":160,"column":54}},"41":{"start":{"line":162,"column":19},"end":{"line":162,"column":51}},"42":{"start":{"line":163,"column":8},"end":{"line":163,"column":40}},"43":{"start":{"line":168,"column":12},"end":{"line":168,"column":21}},"44":{"start":{"line":170,"column":0},"end":{"line":170,"column":47}},"45":{"start":{"line":171,"column":0},"end":{"line":171,"column":23}},"46":{"start":{"line":172,"column":0},"end":{"line":172,"column":15}},"47":{"start":{"line":175,"column":0},"end":{"line":175,"column":49}},"48":{"start":{"line":178,"column":0},"end":{"line":211,"column":2}},"49":{"start":{"line":180,"column":19},"end":{"line":180,"column":36}},"50":{"start":{"line":181,"column":19},"end":{"line":181,"column":36}},"51":{"start":{"line":183,"column":15},"end":{"line":183,"column":62}},"52":{"start":{"line":185,"column":4},"end":{"line":185,"column":97}},"53":{"start":{"line":185,"column":22},"end":{"line":185,"column":97}},"54":{"start":{"line":187,"column":4},"end":{"line":191,"column":6}},"55":{"start":{"line":187,"column":54},"end":{"line":191,"column":6}},"56":{"start":{"line":193,"column":18},"end":{"line":193,"column":31}},"57":{"start":{"line":194,"column":4},"end":{"line":194,"column":53}},"58":{"start":{"line":196,"column":4},"end":{"line":196,"column":26}},"59":{"start":{"line":197,"column":4},"end":{"line":197,"column":19}},"60":{"start":{"line":198,"column":4},"end":{"line":198,"column":22}},"61":{"start":{"line":199,"column":4},"end":{"line":199,"column":19}},"62":{"start":{"line":201,"column":22},"end":{"line":201,"column":91}},"63":{"start":{"line":203,"column":4},"end":{"line":203,"column":35}},"64":{"start":{"line":204,"column":4},"end":{"line":204,"column":30}},"65":{"start":{"line":206,"column":4},"end":{"line":208,"column":6}},"66":{"start":{"line":207,"column":8},"end":{"line":207,"column":40}},"67":{"start":{"line":210,"column":4},"end":{"line":210,"column":40}},"68":{"start":{"line":214,"column":13},"end":{"line":214,"column":37}},"69":{"start":{"line":219,"column":0},"end":{"line":219,"column":24}}},"fnMap":{"0":{"name":"(anonymous_0)","decl":{"start":{"line":18,"column":3},"end":{"line":18,"column":4}},"loc":{"start":{"line":18,"column":9},"end":{"line":20,"column":1}},"line":18},"1":{"name":"(anonymous_1)","decl":{"start":{"line":23,"column":33},"end":{"line":23,"column":34}},"loc":{"start":{"line":23,"column":45},"end":{"line":166,"column":1}},"line":23},"2":{"name":"(anonymous_2)","decl":{"start":{"line":178,"column":24},"end":{"line":178,"column":25}},"loc":{"start":{"line":178,"column":44},"end":{"line":211,"column":1}},"line":178},"3":{"name":"(anonymous_3)","decl":{"start":{"line":206,"column":61},"end":{"line":206,"column":62}},"loc":{"start":{"line":206,"column":76},"end":{"line":208,"column":5}},"line":206}},"branchMap":{"0":{"loc":{"start":{"line":25,"column":4},"end":{"line":50,"column":5}},"type":"if","locations":[{"start":{"line":25,"column":4},"end":{"line":50,"column":5}},{"start":{},"end":{}}],"line":25},"1":{"loc":{"start":{"line":52,"column":4},"end":{"line":122,"column":5}},"type":"if","locations":[{"start":{"line":52,"column":4},"end":{"line":122,"column":5}},{"start":{},"end":{}}],"line":52},"2":{"loc":{"start":{"line":124,"column":4},"end":{"line":156,"column":5}},"type":"if","locations":[{"start":{"line":124,"column":4},"end":{"line":156,"column":5}},{"start":{},"end":{}}],"line":124},"3":{"loc":{"start":{"line":158,"column":4},"end":{"line":164,"column":5}},"type":"if","locations":[{"start":{"line":158,"column":4},"end":{"line":164,"column":5}},{"start":{},"end":{}}],"line":158},"4":{"loc":{"start":{"line":185,"column":4},"end":{"line":185,"column":97}},"type":"if","locations":[{"start":{"line":185,"column":4},"end":{"line":185,"column":97}},{"start":{},"end":{}}],"line":185},"5":{"loc":{"start":{"line":187,"column":4},"end":{"line":191,"column":6}},"type":"if","locations":[{"start":{"line":187,"column":4},"end":{"line":191,"column":6}},{"start":{},"end":{}}],"line":187},"6":{"loc":{"start":{"line":214,"column":13},"end":{"line":214,"column":37}},"type":"binary-expr","locations":[{"start":{"line":214,"column":13},"end":{"line":214,"column":29}},{"start":{"line":214,"column":33},"end":{"line":214,"column":37}}],"line":214}},"s":{"0":1,"1":1,"2":1,"3":1,"4":1,"5":1,"6":1,"7":1,"8":1,"9":1,"10":1,"11":1,"12":1,"13":1,"14":1,"15":0,"16":0,"17":0,"18":0,"19":0,"20":0,"21":1,"22":0,"23":0,"24":0,"25":0,"26":0,"27":0,"28":0,"29":0,"30":0,"31":1,"32":0,"33":0,"34":0,"35":0,"36":0,"37":0,"38":0,"39":1,"40":0,"41":0,"42":0,"43":1,"44":1,"45":1,"46":1,"47":1,"48":1,"49":4,"50":4,"51":4,"52":4,"53":1,"54":3,"55":1,"56":2,"57":2,"58":2,"59":2,"60":2,"61":2,"62":2,"63":2,"64":2,"65":2,"66":2,"67":2,"68":1,"69":1},"f":{"0":1,"1":1,"2":4,"3":2},"b":{"0":[0,1],"1":[0,1],"2":[0,1],"3":[0,1],"4":[1,3],"5":[1,2],"6":[1,0]},"_coverageSchema":"1a1c01bbd47fc00a2c39e90264f33305004495a9","hash":"17f7fe50e65bc05660c46a1380f83a7212b3047b"}
,"D:\\Freelance\\Point\\model\\branch.js": {"path":"D:\\Freelance\\Point\\model\\branch.js","statementMap":{"0":{"start":{"line":1,"column":17},"end":{"line":1,"column":36}},"1":{"start":{"line":3,"column":15},"end":{"line":6,"column":2}},"2":{"start":{"line":8,"column":0},"end":{"line":8,"column":27}}},"fnMap":{},"branchMap":{},"s":{"0":1,"1":1,"2":1},"f":{},"b":{},"_coverageSchema":"1a1c01bbd47fc00a2c39e90264f33305004495a9","hash":"457e3094ec62052426b0660349e4e29d26d2899a"}
,"D:\\Freelance\\Point\\model\\groups.js": {"path":"D:\\Freelance\\Point\\model\\groups.js","statementMap":{"0":{"start":{"line":1,"column":17},"end":{"line":1,"column":36}},"1":{"start":{"line":3,"column":18},"end":{"line":18,"column":2}},"2":{"start":{"line":20,"column":0},"end":{"line":20,"column":30}}},"fnMap":{},"branchMap":{},"s":{"0":1,"1":1,"2":1},"f":{},"b":{},"_coverageSchema":"1a1c01bbd47fc00a2c39e90264f33305004495a9","hash":"4584c8d03f3f991dc97e57571b602a64dc91d166"}
,"D:\\Freelance\\Point\\model\\roles.js": {"path":"D:\\Freelance\\Point\\model\\roles.js","statementMap":{"0":{"start":{"line":1,"column":17},"end":{"line":1,"column":36}},"1":{"start":{"line":3,"column":14},"end":{"line":15,"column":2}},"2":{"start":{"line":17,"column":0},"end":{"line":17,"column":26}}},"fnMap":{},"branchMap":{},"s":{"0":1,"1":1,"2":1},"f":{},"b":{},"_coverageSchema":"1a1c01bbd47fc00a2c39e90264f33305004495a9","hash":"7d0c80e3205f19694002a2e9e9eaaaa19f8a2d6b"}
,"D:\\Freelance\\Point\\model\\users.js": {"path":"D:\\Freelance\\Point\\model\\users.js","statementMap":{"0":{"start":{"line":1,"column":17},"end":{"line":1,"column":36}},"1":{"start":{"line":2,"column":23},"end":{"line":2,"column":38}},"2":{"start":{"line":4,"column":14},"end":{"line":4,"column":22}},"3":{"start":{"line":6,"column":14},"end":{"line":19,"column":2}},"4":{"start":{"line":21,"column":18},"end":{"line":25,"column":2}},"5":{"start":{"line":27,"column":0},"end":{"line":27,"column":37}}},"fnMap":{},"branchMap":{},"s":{"0":1,"1":1,"2":1,"3":1,"4":1,"5":1},"f":{},"b":{},"_coverageSchema":"1a1c01bbd47fc00a2c39e90264f33305004495a9","hash":"d67a829a90936fc87f42ec0dde9035d61411eafc"}
,"D:\\Freelance\\Point\\routes\\customers.js": {"path":"D:\\Freelance\\Point\\routes\\customers.js","statementMap":{"0":{"start":{"line":1,"column":0},"end":{"line":1,"column":26}},"1":{"start":{"line":3,"column":16},"end":{"line":3,"column":34}},"2":{"start":{"line":4,"column":13},"end":{"line":4,"column":28}},"3":{"start":{"line":5,"column":22},"end":{"line":5,"column":48}},"4":{"start":{"line":6,"column":14},"end":{"line":6,"column":32}},"5":{"start":{"line":8,"column":15},"end":{"line":8,"column":31}},"6":{"start":{"line":10,"column":0},"end":{"line":10,"column":50}},"7":{"start":{"line":11,"column":0},"end":{"line":11,"column":26}},"8":{"start":{"line":12,"column":0},"end":{"line":12,"column":18}},"9":{"start":{"line":14,"column":30},"end":{"line":14,"column":62}},"10":{"start":{"line":15,"column":34},"end":{"line":15,"column":69}},"11":{"start":{"line":18,"column":0},"end":{"line":32,"column":2}},"12":{"start":{"line":21,"column":4},"end":{"line":21,"column":31}},"13":{"start":{"line":24,"column":4},"end":{"line":30,"column":5}},"14":{"start":{"line":25,"column":8},"end":{"line":29,"column":9}},"15":{"start":{"line":26,"column":12},"end":{"line":26,"column":43}},"16":{"start":{"line":28,"column":12},"end":{"line":28,"column":31}},"17":{"start":{"line":35,"column":0},"end":{"line":59,"column":2}},"18":{"start":{"line":38,"column":4},"end":{"line":38,"column":31}},"19":{"start":{"line":40,"column":4},"end":{"line":58,"column":5}},"20":{"start":{"line":41,"column":8},"end":{"line":57,"column":9}},"21":{"start":{"line":42,"column":23},"end":{"line":42,"column":45}},"22":{"start":{"line":44,"column":25},"end":{"line":44,"column":27}},"23":{"start":{"line":45,"column":12},"end":{"line":52,"column":14}},"24":{"start":{"line":46,"column":16},"end":{"line":46,"column":44}},"25":{"start":{"line":47,"column":16},"end":{"line":47,"column":40}},"26":{"start":{"line":48,"column":16},"end":{"line":48,"column":34}},"27":{"start":{"line":49,"column":16},"end":{"line":49,"column":34}},"28":{"start":{"line":51,"column":16},"end":{"line":51,"column":34}},"29":{"start":{"line":54,"column":12},"end":{"line":54,"column":48}},"30":{"start":{"line":56,"column":12},"end":{"line":56,"column":31}},"31":{"start":{"line":62,"column":0},"end":{"line":87,"column":2}},"32":{"start":{"line":65,"column":4},"end":{"line":65,"column":31}},"33":{"start":{"line":67,"column":4},"end":{"line":86,"column":5}},"34":{"start":{"line":68,"column":8},"end":{"line":85,"column":9}},"35":{"start":{"line":69,"column":21},"end":{"line":69,"column":34}},"36":{"start":{"line":70,"column":27},"end":{"line":70,"column":55}},"37":{"start":{"line":73,"column":12},"end":{"line":73,"column":102}},"38":{"start":{"line":73,"column":34},"end":{"line":73,"column":102}},"39":{"start":{"line":76,"column":12},"end":{"line":76,"column":42}},"40":{"start":{"line":77,"column":12},"end":{"line":77,"column":38}},"41":{"start":{"line":78,"column":12},"end":{"line":78,"column":31}},"42":{"start":{"line":79,"column":12},"end":{"line":79,"column":31}},"43":{"start":{"line":81,"column":12},"end":{"line":81,"column":52}},"44":{"start":{"line":84,"column":12},"end":{"line":84,"column":31}},"45":{"start":{"line":90,"column":0},"end":{"line":139,"column":2}},"46":{"start":{"line":93,"column":4},"end":{"line":93,"column":31}},"47":{"start":{"line":95,"column":4},"end":{"line":138,"column":5}},"48":{"start":{"line":96,"column":8},"end":{"line":137,"column":9}},"49":{"start":{"line":99,"column":23},"end":{"line":99,"column":36}},"50":{"start":{"line":100,"column":23},"end":{"line":100,"column":44}},"51":{"start":{"line":101,"column":24},"end":{"line":101,"column":46}},"52":{"start":{"line":102,"column":24},"end":{"line":102,"column":46}},"53":{"start":{"line":103,"column":26},"end":{"line":103,"column":50}},"54":{"start":{"line":104,"column":25},"end":{"line":104,"column":77}},"55":{"start":{"line":105,"column":24},"end":{"line":105,"column":74}},"56":{"start":{"line":106,"column":32},"end":{"line":106,"column":62}},"57":{"start":{"line":108,"column":29},"end":{"line":119,"column":13}},"58":{"start":{"line":122,"column":23},"end":{"line":122,"column":59}},"59":{"start":{"line":123,"column":12},"end":{"line":123,"column":26}},"60":{"start":{"line":125,"column":12},"end":{"line":134,"column":14}},"61":{"start":{"line":136,"column":12},"end":{"line":136,"column":31}},"62":{"start":{"line":142,"column":0},"end":{"line":199,"column":2}},"63":{"start":{"line":145,"column":4},"end":{"line":145,"column":31}},"64":{"start":{"line":146,"column":4},"end":{"line":198,"column":5}},"65":{"start":{"line":147,"column":8},"end":{"line":196,"column":9}},"66":{"start":{"line":148,"column":21},"end":{"line":148,"column":34}},"67":{"start":{"line":150,"column":30},"end":{"line":150,"column":32}},"68":{"start":{"line":154,"column":12},"end":{"line":154,"column":44}},"69":{"start":{"line":155,"column":12},"end":{"line":155,"column":52}},"70":{"start":{"line":156,"column":12},"end":{"line":156,"column":54}},"71":{"start":{"line":157,"column":12},"end":{"line":157,"column":54}},"72":{"start":{"line":158,"column":12},"end":{"line":158,"column":58}},"73":{"start":{"line":159,"column":12},"end":{"line":159,"column":87}},"74":{"start":{"line":160,"column":12},"end":{"line":160,"column":84}},"75":{"start":{"line":161,"column":12},"end":{"line":161,"column":70}},"76":{"start":{"line":164,"column":12},"end":{"line":167,"column":13}},"77":{"start":{"line":165,"column":16},"end":{"line":165,"column":52}},"78":{"start":{"line":166,"column":16},"end":{"line":166,"column":69}},"79":{"start":{"line":166,"column":46},"end":{"line":166,"column":69}},"80":{"start":{"line":170,"column":12},"end":{"line":170,"column":47}},"81":{"start":{"line":171,"column":12},"end":{"line":171,"column":52}},"82":{"start":{"line":173,"column":12},"end":{"line":173,"column":36}},"83":{"start":{"line":176,"column":23},"end":{"line":176,"column":73}},"84":{"start":{"line":179,"column":12},"end":{"line":179,"column":98}},"85":{"start":{"line":179,"column":30},"end":{"line":179,"column":98}},"86":{"start":{"line":182,"column":12},"end":{"line":182,"column":53}},"87":{"start":{"line":184,"column":12},"end":{"line":193,"column":14}},"88":{"start":{"line":195,"column":12},"end":{"line":195,"column":31}},"89":{"start":{"line":202,"column":0},"end":{"line":222,"column":2}},"90":{"start":{"line":205,"column":4},"end":{"line":205,"column":31}},"91":{"start":{"line":206,"column":4},"end":{"line":220,"column":5}},"92":{"start":{"line":207,"column":8},"end":{"line":219,"column":9}},"93":{"start":{"line":208,"column":21},"end":{"line":208,"column":34}},"94":{"start":{"line":211,"column":23},"end":{"line":211,"column":60}},"95":{"start":{"line":214,"column":12},"end":{"line":214,"column":98}},"96":{"start":{"line":214,"column":30},"end":{"line":214,"column":98}},"97":{"start":{"line":216,"column":12},"end":{"line":216,"column":31}},"98":{"start":{"line":218,"column":12},"end":{"line":218,"column":31}},"99":{"start":{"line":224,"column":0},"end":{"line":224,"column":23}}},"fnMap":{"0":{"name":"(anonymous_0)","decl":{"start":{"line":18,"column":34},"end":{"line":18,"column":35}},"loc":{"start":{"line":18,"column":54},"end":{"line":32,"column":1}},"line":18},"1":{"name":"(anonymous_1)","decl":{"start":{"line":35,"column":25},"end":{"line":35,"column":26}},"loc":{"start":{"line":35,"column":45},"end":{"line":59,"column":1}},"line":35},"2":{"name":"(anonymous_2)","decl":{"start":{"line":45,"column":25},"end":{"line":45,"column":26}},"loc":{"start":{"line":45,"column":36},"end":{"line":52,"column":13}},"line":45},"3":{"name":"(anonymous_3)","decl":{"start":{"line":62,"column":29},"end":{"line":62,"column":30}},"loc":{"start":{"line":62,"column":49},"end":{"line":87,"column":1}},"line":62},"4":{"name":"(anonymous_4)","decl":{"start":{"line":90,"column":26},"end":{"line":90,"column":27}},"loc":{"start":{"line":90,"column":46},"end":{"line":139,"column":1}},"line":90},"5":{"name":"(anonymous_5)","decl":{"start":{"line":142,"column":31},"end":{"line":142,"column":32}},"loc":{"start":{"line":142,"column":51},"end":{"line":199,"column":1}},"line":142},"6":{"name":"(anonymous_6)","decl":{"start":{"line":202,"column":32},"end":{"line":202,"column":33}},"loc":{"start":{"line":202,"column":52},"end":{"line":222,"column":1}},"line":202}},"branchMap":{"0":{"loc":{"start":{"line":24,"column":4},"end":{"line":30,"column":5}},"type":"if","locations":[{"start":{"line":24,"column":4},"end":{"line":30,"column":5}},{"start":{},"end":{}}],"line":24},"1":{"loc":{"start":{"line":40,"column":4},"end":{"line":58,"column":5}},"type":"if","locations":[{"start":{"line":40,"column":4},"end":{"line":58,"column":5}},{"start":{},"end":{}}],"line":40},"2":{"loc":{"start":{"line":67,"column":4},"end":{"line":86,"column":5}},"type":"if","locations":[{"start":{"line":67,"column":4},"end":{"line":86,"column":5}},{"start":{},"end":{}}],"line":67},"3":{"loc":{"start":{"line":73,"column":12},"end":{"line":73,"column":102}},"type":"if","locations":[{"start":{"line":73,"column":12},"end":{"line":73,"column":102}},{"start":{},"end":{}}],"line":73},"4":{"loc":{"start":{"line":95,"column":4},"end":{"line":138,"column":5}},"type":"if","locations":[{"start":{"line":95,"column":4},"end":{"line":138,"column":5}},{"start":{},"end":{}}],"line":95},"5":{"loc":{"start":{"line":100,"column":23},"end":{"line":100,"column":44}},"type":"binary-expr","locations":[{"start":{"line":100,"column":23},"end":{"line":100,"column":36}},{"start":{"line":100,"column":40},"end":{"line":100,"column":44}}],"line":100},"6":{"loc":{"start":{"line":101,"column":24},"end":{"line":101,"column":46}},"type":"binary-expr","locations":[{"start":{"line":101,"column":24},"end":{"line":101,"column":38}},{"start":{"line":101,"column":42},"end":{"line":101,"column":46}}],"line":101},"7":{"loc":{"start":{"line":102,"column":24},"end":{"line":102,"column":46}},"type":"binary-expr","locations":[{"start":{"line":102,"column":24},"end":{"line":102,"column":38}},{"start":{"line":102,"column":42},"end":{"line":102,"column":46}}],"line":102},"8":{"loc":{"start":{"line":103,"column":26},"end":{"line":103,"column":50}},"type":"binary-expr","locations":[{"start":{"line":103,"column":26},"end":{"line":103,"column":42}},{"start":{"line":103,"column":46},"end":{"line":103,"column":50}}],"line":103},"9":{"loc":{"start":{"line":104,"column":25},"end":{"line":104,"column":77}},"type":"binary-expr","locations":[{"start":{"line":104,"column":25},"end":{"line":104,"column":40}},{"start":{"line":104,"column":44},"end":{"line":104,"column":71}},{"start":{"line":104,"column":75},"end":{"line":104,"column":77}}],"line":104},"10":{"loc":{"start":{"line":105,"column":24},"end":{"line":105,"column":74}},"type":"binary-expr","locations":[{"start":{"line":105,"column":24},"end":{"line":105,"column":38}},{"start":{"line":105,"column":42},"end":{"line":105,"column":68}},{"start":{"line":105,"column":72},"end":{"line":105,"column":74}}],"line":105},"11":{"loc":{"start":{"line":106,"column":32},"end":{"line":106,"column":62}},"type":"binary-expr","locations":[{"start":{"line":106,"column":32},"end":{"line":106,"column":54}},{"start":{"line":106,"column":58},"end":{"line":106,"column":62}}],"line":106},"12":{"loc":{"start":{"line":146,"column":4},"end":{"line":198,"column":5}},"type":"if","locations":[{"start":{"line":146,"column":4},"end":{"line":198,"column":5}},{"start":{},"end":{}}],"line":146},"13":{"loc":{"start":{"line":155,"column":31},"end":{"line":155,"column":52}},"type":"binary-expr","locations":[{"start":{"line":155,"column":31},"end":{"line":155,"column":44}},{"start":{"line":155,"column":48},"end":{"line":155,"column":52}}],"line":155},"14":{"loc":{"start":{"line":156,"column":32},"end":{"line":156,"column":54}},"type":"binary-expr","locations":[{"start":{"line":156,"column":32},"end":{"line":156,"column":46}},{"start":{"line":156,"column":50},"end":{"line":156,"column":54}}],"line":156},"15":{"loc":{"start":{"line":157,"column":32},"end":{"line":157,"column":54}},"type":"binary-expr","locations":[{"start":{"line":157,"column":32},"end":{"line":157,"column":46}},{"start":{"line":157,"column":50},"end":{"line":157,"column":54}}],"line":157},"16":{"loc":{"start":{"line":158,"column":34},"end":{"line":158,"column":58}},"type":"binary-expr","locations":[{"start":{"line":158,"column":34},"end":{"line":158,"column":50}},{"start":{"line":158,"column":54},"end":{"line":158,"column":58}}],"line":158},"17":{"loc":{"start":{"line":159,"column":33},"end":{"line":159,"column":87}},"type":"binary-expr","locations":[{"start":{"line":159,"column":33},"end":{"line":159,"column":48}},{"start":{"line":159,"column":52},"end":{"line":159,"column":79}},{"start":{"line":159,"column":83},"end":{"line":159,"column":87}}],"line":159},"18":{"loc":{"start":{"line":160,"column":32},"end":{"line":160,"column":84}},"type":"binary-expr","locations":[{"start":{"line":160,"column":32},"end":{"line":160,"column":46}},{"start":{"line":160,"column":50},"end":{"line":160,"column":76}},{"start":{"line":160,"column":80},"end":{"line":160,"column":84}}],"line":160},"19":{"loc":{"start":{"line":161,"column":40},"end":{"line":161,"column":70}},"type":"binary-expr","locations":[{"start":{"line":161,"column":40},"end":{"line":161,"column":62}},{"start":{"line":161,"column":66},"end":{"line":161,"column":70}}],"line":161},"20":{"loc":{"start":{"line":166,"column":16},"end":{"line":166,"column":69}},"type":"if","locations":[{"start":{"line":166,"column":16},"end":{"line":166,"column":69}},{"start":{},"end":{}}],"line":166},"21":{"loc":{"start":{"line":179,"column":12},"end":{"line":179,"column":98}},"type":"if","locations":[{"start":{"line":179,"column":12},"end":{"line":179,"column":98}},{"start":{},"end":{}}],"line":179},"22":{"loc":{"start":{"line":206,"column":4},"end":{"line":220,"column":5}},"type":"if","locations":[{"start":{"line":206,"column":4},"end":{"line":220,"column":5}},{"start":{},"end":{}}],"line":206},"23":{"loc":{"start":{"line":214,"column":12},"end":{"line":214,"column":98}},"type":"if","locations":[{"start":{"line":214,"column":12},"end":{"line":214,"column":98}},{"start":{},"end":{}}],"line":214}},"s":{"0":1,"1":1,"2":1,"3":1,"4":1,"5":1,"6":1,"7":1,"8":1,"9":1,"10":1,"11":1,"12":4,"13":4,"14":2,"15":2,"16":0,"17":1,"18":0,"19":0,"20":0,"21":0,"22":0,"23":0,"24":0,"25":0,"26":0,"27":0,"28":0,"29":0,"30":0,"31":1,"32":0,"33":0,"34":0,"35":0,"36":0,"37":0,"38":0,"39":0,"40":0,"41":0,"42":0,"43":0,"44":0,"45":1,"46":0,"47":0,"48":0,"49":0,"50":0,"51":0,"52":0,"53":0,"54":0,"55":0,"56":0,"57":0,"58":0,"59":0,"60":0,"61":0,"62":1,"63":0,"64":0,"65":0,"66":0,"67":0,"68":0,"69":0,"70":0,"71":0,"72":0,"73":0,"74":0,"75":0,"76":0,"77":0,"78":0,"79":0,"80":0,"81":0,"82":0,"83":0,"84":0,"85":0,"86":0,"87":0,"88":0,"89":1,"90":0,"91":0,"92":0,"93":0,"94":0,"95":0,"96":0,"97":0,"98":0,"99":1},"f":{"0":4,"1":0,"2":0,"3":0,"4":0,"5":0,"6":0},"b":{"0":[2,2],"1":[0,0],"2":[0,0],"3":[0,0],"4":[0,0],"5":[0,0],"6":[0,0],"7":[0,0],"8":[0,0],"9":[0,0,0],"10":[0,0,0],"11":[0,0],"12":[0,0],"13":[0,0],"14":[0,0],"15":[0,0],"16":[0,0],"17":[0,0,0],"18":[0,0,0],"19":[0,0],"20":[0,0],"21":[0,0],"22":[0,0],"23":[0,0]},"_coverageSchema":"1a1c01bbd47fc00a2c39e90264f33305004495a9","hash":"4f481534f5bbac42a418bc04321cf49f3d8ae947"}
,"D:\\Freelance\\Point\\utils\\customersExport.js": {"path":"D:\\Freelance\\Point\\utils\\customersExport.js","statementMap":{"0":{"start":{"line":1,"column":22},"end":{"line":1,"column":48}},"1":{"start":{"line":2,"column":18},"end":{"line":2,"column":43}},"2":{"start":{"line":3,"column":19},"end":{"line":3,"column":45}},"3":{"start":{"line":4,"column":14},"end":{"line":4,"column":32}},"4":{"start":{"line":9,"column":16},"end":{"line":9,"column":67}},"5":{"start":{"line":12,"column":4},"end":{"line":19,"column":5}},"6":{"start":{"line":12,"column":17},"end":{"line":12,"column":18}},"7":{"start":{"line":14,"column":8},"end":{"line":18,"column":10}},"8":{"start":{"line":15,"column":12},"end":{"line":17,"column":13}},"9":{"start":{"line":16,"column":16},"end":{"line":16,"column":32}},"10":{"start":{"line":22,"column":4},"end":{"line":22,"column":58}},"11":{"start":{"line":22,"column":32},"end":{"line":22,"column":58}},"12":{"start":{"line":25,"column":18},"end":{"line":25,"column":70}},"13":{"start":{"line":27,"column":21},"end":{"line":27,"column":23}},"14":{"start":{"line":29,"column":4},"end":{"line":31,"column":6}},"15":{"start":{"line":30,"column":8},"end":{"line":30,"column":37}},"16":{"start":{"line":34,"column":15},"end":{"line":34,"column":17}},"17":{"start":{"line":35,"column":20},"end":{"line":35,"column":42}},"18":{"start":{"line":38,"column":12},"end":{"line":38,"column":13}},"19":{"start":{"line":39,"column":4},"end":{"line":65,"column":6}},"20":{"start":{"line":41,"column":8},"end":{"line":41,"column":36}},"21":{"start":{"line":43,"column":8},"end":{"line":63,"column":9}},"22":{"start":{"line":43,"column":21},"end":{"line":43,"column":22}},"23":{"start":{"line":44,"column":12},"end":{"line":62,"column":13}},"24":{"start":{"line":46,"column":16},"end":{"line":46,"column":34}},"25":{"start":{"line":47,"column":16},"end":{"line":47,"column":34}},"26":{"start":{"line":48,"column":16},"end":{"line":48,"column":35}},"27":{"start":{"line":49,"column":16},"end":{"line":49,"column":41}},"28":{"start":{"line":50,"column":16},"end":{"line":50,"column":41}},"29":{"start":{"line":51,"column":16},"end":{"line":51,"column":41}},"30":{"start":{"line":52,"column":16},"end":{"line":52,"column":41}},"31":{"start":{"line":54,"column":16},"end":{"line":54,"column":30}},"32":{"start":{"line":55,"column":16},"end":{"line":55,"column":58}},"33":{"start":{"line":56,"column":16},"end":{"line":56,"column":56}},"34":{"start":{"line":58,"column":16},"end":{"line":58,"column":34}},"35":{"start":{"line":60,"column":16},"end":{"line":60,"column":19}},"36":{"start":{"line":61,"column":16},"end":{"line":61,"column":21}},"37":{"start":{"line":68,"column":20},"end":{"line":68,"column":40}},"38":{"start":{"line":69,"column":25},"end":{"line":69,"column":60}},"39":{"start":{"line":70,"column":4},"end":{"line":83,"column":6}},"40":{"start":{"line":85,"column":4},"end":{"line":100,"column":6}},"41":{"start":{"line":102,"column":4},"end":{"line":102,"column":32}},"42":{"start":{"line":105,"column":4},"end":{"line":108,"column":6}},"43":{"start":{"line":109,"column":4},"end":{"line":112,"column":6}},"44":{"start":{"line":115,"column":4},"end":{"line":117,"column":6}},"45":{"start":{"line":116,"column":8},"end":{"line":116,"column":30}},"46":{"start":{"line":120,"column":0},"end":{"line":120,"column":42}}},"fnMap":{"0":{"name":"downloadCustomersData","decl":{"start":{"line":6,"column":15},"end":{"line":6,"column":36}},"loc":{"start":{"line":6,"column":47},"end":{"line":118,"column":1}},"line":6},"1":{"name":"(anonymous_1)","decl":{"start":{"line":14,"column":39},"end":{"line":14,"column":40}},"loc":{"start":{"line":14,"column":50},"end":{"line":18,"column":9}},"line":14},"2":{"name":"(anonymous_2)","decl":{"start":{"line":29,"column":20},"end":{"line":29,"column":21}},"loc":{"start":{"line":29,"column":31},"end":{"line":31,"column":5}},"line":29},"3":{"name":"(anonymous_3)","decl":{"start":{"line":39,"column":22},"end":{"line":39,"column":23}},"loc":{"start":{"line":39,"column":42},"end":{"line":65,"column":5}},"line":39},"4":{"name":"(anonymous_4)","decl":{"start":{"line":115,"column":42},"end":{"line":115,"column":43}},"loc":{"start":{"line":115,"column":54},"end":{"line":117,"column":5}},"line":115}},"branchMap":{"0":{"loc":{"start":{"line":15,"column":12},"end":{"line":17,"column":13}},"type":"if","locations":[{"start":{"line":15,"column":12},"end":{"line":17,"column":13}},{"start":{},"end":{}}],"line":15},"1":{"loc":{"start":{"line":15,"column":16},"end":{"line":15,"column":69}},"type":"binary-expr","locations":[{"start":{"line":15,"column":16},"end":{"line":15,"column":44}},{"start":{"line":15,"column":48},"end":{"line":15,"column":69}}],"line":15},"2":{"loc":{"start":{"line":22,"column":4},"end":{"line":22,"column":58}},"type":"if","locations":[{"start":{"line":22,"column":4},"end":{"line":22,"column":58}},{"start":{},"end":{}}],"line":22},"3":{"loc":{"start":{"line":44,"column":12},"end":{"line":62,"column":13}},"type":"if","locations":[{"start":{"line":44,"column":12},"end":{"line":62,"column":13}},{"start":{},"end":{}}],"line":44},"4":{"loc":{"start":{"line":44,"column":16},"end":{"line":44,"column":84}},"type":"binary-expr","locations":[{"start":{"line":44,"column":16},"end":{"line":44,"column":54}},{"start":{"line":44,"column":58},"end":{"line":44,"column":84}}],"line":44}},"s":{"0":1,"1":1,"2":1,"3":1,"4":2,"5":2,"6":2,"7":2,"8":3,"9":1,"10":2,"11":1,"12":1,"13":1,"14":1,"15":2,"16":1,"17":1,"18":1,"19":1,"20":50,"21":50,"22":50,"23":59,"24":41,"25":41,"26":41,"27":41,"28":41,"29":41,"30":41,"31":41,"32":41,"33":41,"34":41,"35":41,"36":41,"37":1,"38":1,"39":1,"40":1,"41":1,"42":1,"43":1,"44":1,"45":1,"46":1},"f":{"0":2,"1":3,"2":2,"3":50,"4":1},"b":{"0":[1,2],"1":[3,1],"2":[1,1],"3":[41,18],"4":[59,27]},"_coverageSchema":"1a1c01bbd47fc00a2c39e90264f33305004495a9","hash":"90757f58fbac97860b4adaefe2846491def6426c"}
,"D:\\Freelance\\Point\\utils\\tokenHandler.js": {"path":"D:\\Freelance\\Point\\utils\\tokenHandler.js","statementMap":{"0":{"start":{"line":1,"column":12},"end":{"line":1,"column":35}},"1":{"start":{"line":6,"column":4},"end":{"line":6,"column":23}},"2":{"start":{"line":8,"column":23},"end":{"line":8,"column":51}},"3":{"start":{"line":10,"column":18},"end":{"line":10,"column":56}},"4":{"start":{"line":12,"column":4},"end":{"line":12,"column":49}},"5":{"start":{"line":12,"column":23},"end":{"line":12,"column":49}},"6":{"start":{"line":14,"column":4},"end":{"line":17,"column":6}},"7":{"start":{"line":15,"column":8},"end":{"line":15,"column":43}},"8":{"start":{"line":15,"column":17},"end":{"line":15,"column":43}},"9":{"start":{"line":16,"column":8},"end":{"line":16,"column":27}},"10":{"start":{"line":20,"column":0},"end":{"line":20,"column":38}}},"fnMap":{"0":{"name":"authenticateToken","decl":{"start":{"line":3,"column":9},"end":{"line":3,"column":26}},"loc":{"start":{"line":3,"column":37},"end":{"line":18,"column":1}},"line":3},"1":{"name":"(anonymous_1)","decl":{"start":{"line":14,"column":55},"end":{"line":14,"column":56}},"loc":{"start":{"line":14,"column":70},"end":{"line":17,"column":5}},"line":14}},"branchMap":{"0":{"loc":{"start":{"line":10,"column":18},"end":{"line":10,"column":56}},"type":"binary-expr","locations":[{"start":{"line":10,"column":18},"end":{"line":10,"column":28}},{"start":{"line":10,"column":32},"end":{"line":10,"column":56}}],"line":10},"1":{"loc":{"start":{"line":12,"column":4},"end":{"line":12,"column":49}},"type":"if","locations":[{"start":{"line":12,"column":4},"end":{"line":12,"column":49}},{"start":{},"end":{}}],"line":12},"2":{"loc":{"start":{"line":15,"column":8},"end":{"line":15,"column":43}},"type":"if","locations":[{"start":{"line":15,"column":8},"end":{"line":15,"column":43}},{"start":{},"end":{}}],"line":15}},"s":{"0":1,"1":4,"2":4,"3":4,"4":4,"5":1,"6":3,"7":3,"8":1,"9":2,"10":1},"f":{"0":4,"1":3},"b":{"0":[4,3],"1":[1,3],"2":[1,2]},"_coverageSchema":"1a1c01bbd47fc00a2c39e90264f33305004495a9","hash":"6ab929ca757f824245492645410d3185936b3194"}
}
