TN:
SF:server.js
FN:18,(anonymous_0)
FN:23,(anonymous_1)
FN:178,(anonymous_2)
FN:206,(anonymous_3)
FNF:4
FNH:4
FNDA:1,(anonymous_0)
FNDA:1,(anonymous_1)
FNDA:4,(anonymous_2)
FNDA:2,(anonymous_3)
DA:1,1
DA:3,1
DA:4,1
DA:5,1
DA:6,1
DA:7,1
DA:8,1
DA:9,1
DA:10,1
DA:11,1
DA:12,1
DA:15,1
DA:19,1
DA:23,1
DA:25,1
DA:28,0
DA:30,0
DA:36,0
DA:47,0
DA:48,0
DA:49,0
DA:52,1
DA:54,0
DA:55,0
DA:56,0
DA:58,0
DA:59,0
DA:60,0
DA:63,0
DA:120,0
DA:121,0
DA:124,1
DA:125,0
DA:126,0
DA:128,0
DA:129,0
DA:131,0
DA:154,0
DA:155,0
DA:158,1
DA:160,0
DA:162,0
DA:163,0
DA:168,1
DA:170,1
DA:171,1
DA:172,1
DA:175,1
DA:178,1
DA:180,4
DA:181,4
DA:183,4
DA:185,4
DA:187,3
DA:193,2
DA:194,2
DA:196,2
DA:197,2
DA:198,2
DA:199,2
DA:201,2
DA:203,2
DA:204,2
DA:206,2
DA:207,2
DA:210,2
DA:214,1
DA:219,1
LF:68
LH:43
BRDA:25,0,0,0
BRDA:25,0,1,1
BRDA:52,1,0,0
BRDA:52,1,1,1
BRDA:124,2,0,0
BRDA:124,2,1,1
BRDA:158,3,0,0
BRDA:158,3,1,1
BRDA:185,4,0,1
BRDA:185,4,1,3
BRDA:187,5,0,1
BRDA:187,5,1,2
BRDA:214,6,0,1
BRDA:214,6,1,0
BRF:14
BRH:9
end_of_record
TN:
SF:model\branch.js
FNF:0
FNH:0
DA:1,1
DA:3,1
DA:8,1
LF:3
LH:3
BRF:0
BRH:0
end_of_record
TN:
SF:model\groups.js
FNF:0
FNH:0
DA:1,1
DA:3,1
DA:20,1
LF:3
LH:3
BRF:0
BRH:0
end_of_record
TN:
SF:model\roles.js
FNF:0
FNH:0
DA:1,1
DA:3,1
DA:17,1
LF:3
LH:3
BRF:0
BRH:0
end_of_record
TN:
SF:model\users.js
FNF:0
FNH:0
DA:1,1
DA:2,1
DA:4,1
DA:6,1
DA:21,1
DA:27,1
LF:6
LH:6
BRF:0
BRH:0
end_of_record
TN:
SF:routes\customers.js
FN:18,(anonymous_0)
FN:35,(anonymous_1)
FN:45,(anonymous_2)
FN:62,(anonymous_3)
FN:90,(anonymous_4)
FN:142,(anonymous_5)
FN:202,(anonymous_6)
FNF:7
FNH:1
FNDA:4,(anonymous_0)
FNDA:0,(anonymous_1)
FNDA:0,(anonymous_2)
FNDA:0,(anonymous_3)
FNDA:0,(anonymous_4)
FNDA:0,(anonymous_5)
FNDA:0,(anonymous_6)
DA:1,1
DA:3,1
DA:4,1
DA:5,1
DA:6,1
DA:8,1
DA:10,1
DA:11,1
DA:12,1
DA:14,1
DA:15,1
DA:18,1
DA:21,4
DA:24,4
DA:25,2
DA:26,2
DA:28,0
DA:35,1
DA:38,0
DA:40,0
DA:41,0
DA:42,0
DA:44,0
DA:45,0
DA:46,0
DA:47,0
DA:48,0
DA:49,0
DA:51,0
DA:54,0
DA:56,0
DA:62,1
DA:65,0
DA:67,0
DA:68,0
DA:69,0
DA:70,0
DA:73,0
DA:76,0
DA:77,0
DA:78,0
DA:79,0
DA:81,0
DA:84,0
DA:90,1
DA:93,0
DA:95,0
DA:96,0
DA:99,0
DA:100,0
DA:101,0
DA:102,0
DA:103,0
DA:104,0
DA:105,0
DA:106,0
DA:108,0
DA:122,0
DA:123,0
DA:125,0
DA:136,0
DA:142,1
DA:145,0
DA:146,0
DA:147,0
DA:148,0
DA:150,0
DA:154,0
DA:155,0
DA:156,0
DA:157,0
DA:158,0
DA:159,0
DA:160,0
DA:161,0
DA:164,0
DA:165,0
DA:166,0
DA:170,0
DA:171,0
DA:173,0
DA:176,0
DA:179,0
DA:182,0
DA:184,0
DA:195,0
DA:202,1
DA:205,0
DA:206,0
DA:207,0
DA:208,0
DA:211,0
DA:214,0
DA:216,0
DA:218,0
DA:224,1
LF:96
LH:22
BRDA:24,0,0,2
BRDA:24,0,1,2
BRDA:40,1,0,0
BRDA:40,1,1,0
BRDA:67,2,0,0
BRDA:67,2,1,0
BRDA:73,3,0,0
BRDA:73,3,1,0
BRDA:95,4,0,0
BRDA:95,4,1,0
BRDA:100,5,0,0
BRDA:100,5,1,0
BRDA:101,6,0,0
BRDA:101,6,1,0
BRDA:102,7,0,0
BRDA:102,7,1,0
BRDA:103,8,0,0
BRDA:103,8,1,0
BRDA:104,9,0,0
BRDA:104,9,1,0
BRDA:104,9,2,0
BRDA:105,10,0,0
BRDA:105,10,1,0
BRDA:105,10,2,0
BRDA:106,11,0,0
BRDA:106,11,1,0
BRDA:146,12,0,0
BRDA:146,12,1,0
BRDA:155,13,0,0
BRDA:155,13,1,0
BRDA:156,14,0,0
BRDA:156,14,1,0
BRDA:157,15,0,0
BRDA:157,15,1,0
BRDA:158,16,0,0
BRDA:158,16,1,0
BRDA:159,17,0,0
BRDA:159,17,1,0
BRDA:159,17,2,0
BRDA:160,18,0,0
BRDA:160,18,1,0
BRDA:160,18,2,0
BRDA:161,19,0,0
BRDA:161,19,1,0
BRDA:166,20,0,0
BRDA:166,20,1,0
BRDA:179,21,0,0
BRDA:179,21,1,0
BRDA:206,22,0,0
BRDA:206,22,1,0
BRDA:214,23,0,0
BRDA:214,23,1,0
BRF:52
BRH:2
end_of_record
TN:
SF:utils\customersExport.js
FN:6,downloadCustomersData
FN:14,(anonymous_1)
FN:29,(anonymous_2)
FN:39,(anonymous_3)
FN:115,(anonymous_4)
FNF:5
FNH:5
FNDA:2,downloadCustomersData
FNDA:3,(anonymous_1)
FNDA:2,(anonymous_2)
FNDA:50,(anonymous_3)
FNDA:1,(anonymous_4)
DA:1,1
DA:2,1
DA:3,1
DA:4,1
DA:9,2
DA:12,2
DA:14,2
DA:15,3
DA:16,1
DA:22,2
DA:25,1
DA:27,1
DA:29,1
DA:30,2
DA:34,1
DA:35,1
DA:38,1
DA:39,1
DA:41,50
DA:43,50
DA:44,59
DA:46,41
DA:47,41
DA:48,41
DA:49,41
DA:50,41
DA:51,41
DA:52,41
DA:54,41
DA:55,41
DA:56,41
DA:58,41
DA:60,41
DA:61,41
DA:68,1
DA:69,1
DA:70,1
DA:85,1
DA:102,1
DA:105,1
DA:109,1
DA:115,1
DA:116,1
DA:120,1
LF:44
LH:44
BRDA:15,0,0,1
BRDA:15,0,1,2
BRDA:15,1,0,3
BRDA:15,1,1,1
BRDA:22,2,0,1
BRDA:22,2,1,1
BRDA:44,3,0,41
BRDA:44,3,1,18
BRDA:44,4,0,59
BRDA:44,4,1,27
BRF:10
BRH:10
end_of_record
TN:
SF:utils\tokenHandler.js
FN:3,authenticateToken
FN:14,(anonymous_1)
FNF:2
FNH:2
FNDA:4,authenticateToken
FNDA:3,(anonymous_1)
DA:1,1
DA:6,4
DA:8,4
DA:10,4
DA:12,4
DA:14,3
DA:15,3
DA:16,2
DA:20,1
LF:9
LH:9
BRDA:10,0,0,4
BRDA:10,0,1,3
BRDA:12,1,0,1
BRDA:12,1,1,3
BRDA:15,2,0,1
BRDA:15,2,1,2
BRF:6
BRH:6
end_of_record
